# JRE version: OpenJDK Runtime Environment Temurin-21.0.11+10 (21.0.11+10) (build 21.0.11+10-LTS)
# Java VM: OpenJDK 64-Bit Server VM Temurin-21.0.11+10 (21.0.11+10-LTS, mixed mode, sharing, tiered, compressed oops, compressed class ptrs, parallel gc, windows-amd64)
GC Precious Log:
 CardTable entry size: 512
 CPUs: 12 total, 12 available
 Memory: 5989M
 Large Page Support: Disabled
 NUMA Support: Disabled
 Compressed Oops: Enabled (32-bit)
 Alignments: Space 512K, Generation 512K, Heap 2M
 Heap Min Capacity: 100M
 Heap Initial Capacity: 100M
 Heap Max Capacity: 2G
 Pre-touch: Disabled
 Parallel Workers: 10
Heap:
 PSYoungGen      total 11776K, used 4417K [0x00000000d5580000, 0x00000000d6400000, 0x0000000100000000)
  eden space 11264K, 35% used [0x00000000d5580000,0x00000000d5970518,0x00000000d6080000)
  from space 512K, 75% used [0x00000000d6380000,0x00000000d63e0000,0x00000000d6400000)
  to   space 512K, 0% used [0x00000000d6300000,0x00000000d6300000,0x00000000d6380000)
 ParOldGen       total 172032K, used 171713K [0x0000000080000000, 0x000000008a800000, 0x00000000d5580000)
  object space 172032K, 99% used [0x0000000080000000,0x000000008a7b07b0,0x000000008a800000)
 Metaspace       used 73417K, committed 74944K, reserved 1179648K
  class space    used 7711K, committed 8384K, reserved 1048576K
GC Heap History (20 events):
Event: 1398.124 GC heap before
{Heap before GC invocations=66 (full 3):
 PSYoungGen      total 12288K, used 11647K [0x00000000d5580000, 0x00000000d6680000, 0x0000000100000000)
  eden space 11264K, 98% used [0x00000000d5580000,0x00000000d605bf78,0x00000000d6080000)
  from space 1024K, 51% used [0x00000000d6580000,0x00000000d6604010,0x00000000d6680000)
  to   space 2048K, 0% used [0x00000000d6280000,0x00000000d6280000,0x00000000d6480000)
 ParOldGen       total 160768K, used 160494K [0x0000000080000000, 0x0000000089d00000, 0x00000000d5580000)
  object space 160768K, 99% used [0x0000000080000000,0x0000000089cbb990,0x0000000089d00000)
 Metaspace       used 72399K, committed 73856K, reserved 1179648K
  class space    used 7681K, committed 8320K, reserved 1048576K
}
Event: 1398.136 GC heap after
{Heap after GC invocations=66 (full 3):
 PSYoungGen      total 13312K, used 2027K [0x00000000d5580000, 0x00000000d7080000, 0x0000000100000000)
  eden space 11264K, 0% used [0x00000000d5580000,0x00000000d5580000,0x00000000d6080000)
  from space 2048K, 99% used [0x00000000d6280000,0x00000000d647af40,0x00000000d6480000)
  to   space 8192K, 0% used [0x00000000d6880000,0x00000000d6880000,0x00000000d7080000)
 ParOldGen       total 165376K, used 165196K [0x0000000080000000, 0x000000008a180000, 0x00000000d5580000)
  object space 165376K, 99% used [0x0000000080000000,0x000000008a1533f0,0x000000008a180000)
 Metaspace       used 72399K, committed 73856K, reserved 1179648K
  class space    used 7681K, committed 8320K, reserved 1048576K
}
Event: 1406.040 GC heap before
{Heap before GC invocations=67 (full 3):
 PSYoungGen      total 13312K, used 13291K [0x00000000d5580000, 0x00000000d7080000, 0x0000000100000000)
  eden space 11264K, 100% used [0x00000000d5580000,0x00000000d6080000,0x00000000d6080000)
  from space 2048K, 99% used [0x00000000d6280000,0x00000000d647af40,0x00000000d6480000)
  to   space 8192K, 0% used [0x00000000d6880000,0x00000000d6880000,0x00000000d7080000)
 ParOldGen       total 165376K, used 165196K [0x0000000080000000, 0x000000008a180000, 0x00000000d5580000)
  object space 165376K, 99% used [0x0000000080000000,0x000000008a1533f0,0x000000008a180000)
 Metaspace       used 72473K, committed 73920K, reserved 1179648K
  class space    used 7686K, committed 8320K, reserved 1048576K
}
Event: 1406.044 GC heap after
{Heap after GC invocations=67 (full 3):
 PSYoungGen      total 14848K, used 3560K [0x00000000d5580000, 0x00000000d6c00000, 0x0000000100000000)
  eden space 11264K, 0% used [0x00000000d5580000,0x00000000d5580000,0x00000000d6080000)
  from space 3584K, 99% used [0x00000000d6880000,0x00000000d6bfa0e0,0x00000000d6c00000)
  to   space 5120K, 0% used [0x00000000d6200000,0x00000000d6200000,0x00000000d6700000)
 ParOldGen       total 166400K, used 166352K [0x0000000080000000, 0x000000008a280000, 0x00000000d5580000)
  object space 166400K, 99% used [0x0000000080000000,0x000000008a274330,0x000000008a280000)
 Metaspace       used 72473K, committed 73920K, reserved 1179648K
  class space    used 7686K, committed 8320K, reserved 1048576K
}
Event: 1407.031 GC heap before
{Heap before GC invocations=68 (full 3):
 PSYoungGen      total 14848K, used 14824K [0x00000000d5580000, 0x00000000d6c00000, 0x0000000100000000)
  eden space 11264K, 100% used [0x00000000d5580000,0x00000000d6080000,0x00000000d6080000)
  from space 3584K, 99% used [0x00000000d6880000,0x00000000d6bfa0e0,0x00000000d6c00000)
  to   space 5120K, 0% used [0x00000000d6200000,0x00000000d6200000,0x00000000d6700000)
 ParOldGen       total 166400K, used 166352K [0x0000000080000000, 0x000000008a280000, 0x00000000d5580000)
  object space 166400K, 99% used [0x0000000080000000,0x000000008a274330,0x000000008a280000)
 Metaspace       used 72788K, committed 74240K, reserved 1179648K
  class space    used 7702K, committed 8320K, reserved 1048576K
}
Event: 1407.037 GC heap after
{Heap after GC invocations=68 (full 3):
 PSYoungGen      total 14848K, used 3467K [0x00000000d5580000, 0x00000000d6900000, 0x0000000100000000)
  eden space 11264K, 0% used [0x00000000d5580000,0x00000000d5580000,0x00000000d6080000)
  from space 3584K, 96% used [0x00000000d6200000,0x00000000d6562f60,0x00000000d6580000)
  to   space 3584K, 0% used [0x00000000d6580000,0x00000000d6580000,0x00000000d6900000)
 ParOldGen       total 169984K, used 169735K [0x0000000080000000, 0x000000008a600000, 0x00000000d5580000)
  object space 169984K, 99% used [0x0000000080000000,0x000000008a5c1e50,0x000000008a600000)
 Metaspace       used 72788K, committed 74240K, reserved 1179648K
  class space    used 7702K, committed 8320K, reserved 1048576K
}
Event: 1407.564 GC heap before
{Heap before GC invocations=69 (full 3):
 PSYoungGen      total 14848K, used 14731K [0x00000000d5580000, 0x00000000d6900000, 0x0000000100000000)
  eden space 11264K, 100% used [0x00000000d5580000,0x00000000d6080000,0x00000000d6080000)
  from space 3584K, 96% used [0x00000000d6200000,0x00000000d6562f60,0x00000000d6580000)
  to   space 3584K, 0% used [0x00000000d6580000,0x00000000d6580000,0x00000000d6900000)
 ParOldGen       total 169984K, used 169735K [0x0000000080000000, 0x000000008a600000, 0x00000000d5580000)
  object space 169984K, 99% used [0x0000000080000000,0x000000008a5c1e50,0x000000008a600000)
 Metaspace       used 72833K, committed 74240K, reserved 1179648K
  class space    used 7702K, committed 8320K, reserved 1048576K
}
Event: 1407.566 GC heap after
{Heap after GC invocations=69 (full 3):
 PSYoungGen      total 11776K, used 256K [0x00000000d5580000, 0x00000000d6600000, 0x0000000100000000)
  eden space 11264K, 0% used [0x00000000d5580000,0x00000000d5580000,0x00000000d6080000)
  from space 512K, 50% used [0x00000000d6580000,0x00000000d65c0000,0x00000000d6600000)
  to   space 1536K, 0% used [0x00000000d6300000,0x00000000d6300000,0x00000000d6480000)
 ParOldGen       total 169984K, used 169963K [0x0000000080000000, 0x000000008a600000, 0x00000000d5580000)
  object space 169984K, 99% used [0x0000000080000000,0x000000008a5fae80,0x000000008a600000)
 Metaspace       used 72833K, committed 74240K, reserved 1179648K
  class space    used 7702K, committed 8320K, reserved 1048576K
}
Event: 1421.067 GC heap before
{Heap before GC invocations=70 (full 3):
 PSYoungGen      total 11776K, used 11520K [0x00000000d5580000, 0x00000000d6600000, 0x0000000100000000)
  eden space 11264K, 100% used [0x00000000d5580000,0x00000000d6080000,0x00000000d6080000)
  from space 512K, 50% used [0x00000000d6580000,0x00000000d65c0000,0x00000000d6600000)
  to   space 1536K, 0% used [0x00000000d6300000,0x00000000d6300000,0x00000000d6480000)
 ParOldGen       total 169984K, used 169963K [0x0000000080000000, 0x000000008a600000, 0x00000000d5580000)
  object space 169984K, 99% used [0x0000000080000000,0x000000008a5fae80,0x000000008a600000)
 Metaspace       used 72959K, committed 74368K, reserved 1179648K
  class space    used 7704K, committed 8320K, reserved 1048576K
}
Event: 1421.070 GC heap after
{Heap after GC invocations=70 (full 3):
 PSYoungGen      total 12800K, used 816K [0x00000000d5580000, 0x00000000d6600000, 0x0000000100000000)
  eden space 11264K, 0% used [0x00000000d5580000,0x00000000d5580000,0x00000000d6080000)
  from space 1536K, 53% used [0x00000000d6300000,0x00000000d63cc010,0x00000000d6480000)
  to   space 1024K, 0% used [0x00000000d6500000,0x00000000d6500000,0x00000000d6600000)
 ParOldGen       total 170496K, used 170051K [0x0000000080000000, 0x000000008a680000, 0x00000000d5580000)
  object space 170496K, 99% used [0x0000000080000000,0x000000008a610e80,0x000000008a680000)
 Metaspace       used 72959K, committed 74368K, reserved 1179648K
  class space    used 7704K, committed 8320K, reserved 1048576K
}
Event: 1421.710 GC heap before
{Heap before GC invocations=71 (full 3):
 PSYoungGen      total 12800K, used 12080K [0x00000000d5580000, 0x00000000d6600000, 0x0000000100000000)
  eden space 11264K, 100% used [0x00000000d5580000,0x00000000d6080000,0x00000000d6080000)
  from space 1536K, 53% used [0x00000000d6300000,0x00000000d63cc010,0x00000000d6480000)
  to   space 1024K, 0% used [0x00000000d6500000,0x00000000d6500000,0x00000000d6600000)
 ParOldGen       total 170496K, used 170051K [0x0000000080000000, 0x000000008a680000, 0x00000000d5580000)
  object space 170496K, 99% used [0x0000000080000000,0x000000008a610e80,0x000000008a680000)
 Metaspace       used 72982K, committed 74432K, reserved 1179648K
  class space    used 7704K, committed 8320K, reserved 1048576K
}
Event: 1421.713 GC heap after
{Heap after GC invocations=71 (full 3):
 PSYoungGen      total 12288K, used 1016K [0x00000000d5580000, 0x00000000d6600000, 0x0000000100000000)
  eden space 11264K, 0% used [0x00000000d5580000,0x00000000d5580000,0x00000000d6080000)
  from space 1024K, 99% used [0x00000000d6500000,0x00000000d65fe0d0,0x00000000d6600000)
  to   space 2560K, 0% used [0x00000000d6100000,0x00000000d6100000,0x00000000d6380000)
 ParOldGen       total 171008K, used 170940K [0x0000000080000000, 0x000000008a700000, 0x00000000d5580000)
  object space 171008K, 99% used [0x0000000080000000,0x000000008a6ef320,0x000000008a700000)
 Metaspace       used 72982K, committed 74432K, reserved 1179648K
  class space    used 7704K, committed 8320K, reserved 1048576K
}
Event: 1422.711 GC heap before
{Heap before GC invocations=72 (full 3):
 PSYoungGen      total 12288K, used 12280K [0x00000000d5580000, 0x00000000d6600000, 0x0000000100000000)
  eden space 11264K, 100% used [0x00000000d5580000,0x00000000d6080000,0x00000000d6080000)
  from space 1024K, 99% used [0x00000000d6500000,0x00000000d65fe0d0,0x00000000d6600000)
  to   space 2560K, 0% used [0x00000000d6100000,0x00000000d6100000,0x00000000d6380000)
 ParOldGen       total 171008K, used 170940K [0x0000000080000000, 0x000000008a700000, 0x00000000d5580000)
  object space 171008K, 99% used [0x0000000080000000,0x000000008a6ef320,0x000000008a700000)
 Metaspace       used 73085K, committed 74496K, reserved 1179648K
  class space    used 7704K, committed 8320K, reserved 1048576K
}
Event: 1422.713 GC heap after
{Heap after GC invocations=72 (full 3):
 PSYoungGen      total 13824K, used 768K [0x00000000d5580000, 0x00000000d6580000, 0x0000000100000000)
  eden space 11264K, 0% used [0x00000000d5580000,0x00000000d5580000,0x00000000d6080000)
  from space 2560K, 30% used [0x00000000d6100000,0x00000000d61c0000,0x00000000d6380000)
  to   space 1536K, 0% used [0x00000000d6400000,0x00000000d6400000,0x00000000d6580000)
 ParOldGen       total 171008K, used 170988K [0x0000000080000000, 0x000000008a700000, 0x00000000d5580000)
  object space 171008K, 99% used [0x0000000080000000,0x000000008a6fb320,0x000000008a700000)
 Metaspace       used 73085K, committed 74496K, reserved 1179648K
  class space    used 7704K, committed 8320K, reserved 1048576K
}
Event: 1423.658 GC heap before
{Heap before GC invocations=73 (full 3):
 PSYoungGen      total 13824K, used 12032K [0x00000000d5580000, 0x00000000d6580000, 0x0000000100000000)
  eden space 11264K, 100% used [0x00000000d5580000,0x00000000d6080000,0x00000000d6080000)
  from space 2560K, 30% used [0x00000000d6100000,0x00000000d61c0000,0x00000000d6380000)
  to   space 1536K, 0% used [0x00000000d6400000,0x00000000d6400000,0x00000000d6580000)
 ParOldGen       total 171008K, used 170988K [0x0000000080000000, 0x000000008a700000, 0x00000000d5580000)
  object space 171008K, 99% used [0x0000000080000000,0x000000008a6fb320,0x000000008a700000)
 Metaspace       used 73221K, committed 74752K, reserved 1179648K
  class space    used 7708K, committed 8384K, reserved 1048576K
}
Event: 1423.661 GC heap after
{Heap after GC invocations=73 (full 3):
 PSYoungGen      total 12288K, used 1008K [0x00000000d5580000, 0x00000000d6500000, 0x0000000100000000)
  eden space 11264K, 0% used [0x00000000d5580000,0x00000000d5580000,0x00000000d6080000)
  from space 1024K, 98% used [0x00000000d6400000,0x00000000d64fc010,0x00000000d6500000)
  to   space 1536K, 0% used [0x00000000d6200000,0x00000000d6200000,0x00000000d6380000)
 ParOldGen       total 171520K, used 171060K [0x0000000080000000, 0x000000008a780000, 0x00000000d5580000)
  object space 171520K, 99% used [0x0000000080000000,0x000000008a70d320,0x000000008a780000)
 Metaspace       used 73221K, committed 74752K, reserved 1179648K
  class space    used 7708K, committed 8384K, reserved 1048576K
}
Event: 1424.334 GC heap before
{Heap before GC invocations=74 (full 3):
 PSYoungGen      total 12288K, used 12272K [0x00000000d5580000, 0x00000000d6500000, 0x0000000100000000)
  eden space 11264K, 100% used [0x00000000d5580000,0x00000000d6080000,0x00000000d6080000)
  from space 1024K, 98% used [0x00000000d6400000,0x00000000d64fc010,0x00000000d6500000)
  to   space 1536K, 0% used [0x00000000d6200000,0x00000000d6200000,0x00000000d6380000)
 ParOldGen       total 171520K, used 171060K [0x0000000080000000, 0x000000008a780000, 0x00000000d5580000)
  object space 171520K, 99% used [0x0000000080000000,0x000000008a70d320,0x000000008a780000)
 Metaspace       used 73269K, committed 74816K, reserved 1179648K
  class space    used 7708K, committed 8384K, reserved 1048576K
}
Event: 1424.336 GC heap after
{Heap after GC invocations=74 (full 3):
 PSYoungGen      total 12800K, used 568K [0x00000000d5580000, 0x00000000d6480000, 0x0000000100000000)
  eden space 11264K, 0% used [0x00000000d5580000,0x00000000d5580000,0x00000000d6080000)
  from space 1536K, 36% used [0x00000000d6200000,0x00000000d628e0d0,0x00000000d6380000)
  to   space 1024K, 0% used [0x00000000d6380000,0x00000000d6380000,0x00000000d6480000)
 ParOldGen       total 172032K, used 171649K [0x0000000080000000, 0x000000008a800000, 0x00000000d5580000)
  object space 172032K, 99% used [0x0000000080000000,0x000000008a7a07b0,0x000000008a800000)
 Metaspace       used 73269K, committed 74816K, reserved 1179648K
  class space    used 7708K, committed 8384K, reserved 1048576K
}
Event: 1426.005 GC heap before
{Heap before GC invocations=75 (full 3):
 PSYoungGen      total 12800K, used 11832K [0x00000000d5580000, 0x00000000d6480000, 0x0000000100000000)
  eden space 11264K, 100% used [0x00000000d5580000,0x00000000d6080000,0x00000000d6080000)
  from space 1536K, 36% used [0x00000000d6200000,0x00000000d628e0d0,0x00000000d6380000)
  to   space 1024K, 0% used [0x00000000d6380000,0x00000000d6380000,0x00000000d6480000)
 ParOldGen       total 172032K, used 171649K [0x0000000080000000, 0x000000008a800000, 0x00000000d5580000)
  object space 172032K, 99% used [0x0000000080000000,0x000000008a7a07b0,0x000000008a800000)
 Metaspace       used 73319K, committed 74880K, reserved 1179648K
  class space    used 7708K, committed 8384K, reserved 1048576K
}
Event: 1426.006 GC heap after
{Heap after GC invocations=75 (full 3):
 PSYoungGen      total 11776K, used 384K [0x00000000d5580000, 0x00000000d6400000, 0x0000000100000000)
  eden space 11264K, 0% used [0x00000000d5580000,0x00000000d5580000,0x00000000d6080000)
  from space 512K, 75% used [0x00000000d6380000,0x00000000d63e0000,0x00000000d6400000)
  to   space 512K, 0% used [0x00000000d6300000,0x00000000d6300000,0x00000000d6380000)
 ParOldGen       total 172032K, used 171713K [0x0000000080000000, 0x000000008a800000, 0x00000000d5580000)
  object space 172032K, 99% used [0x0000000080000000,0x000000008a7b07b0,0x000000008a800000)
 Metaspace       used 73319K, committed 74880K, reserved 1179648K
  class space    used 7708K, committed 8384K, reserved 1048576K
}

